{"uuid":"102da5ed-ffa2-4a1a-9ef3-fe7c33ae941d","historyId":"e22cf253b9792078e19a2ebe9d5b16c5","fullName":"add a product to the cart: ","labels":[{"name":"tag","value":"addProductByName"},{"name":"host","value":"DESKTOP-8QDPD46"},{"name":"thread","value":"19084@DESKTOP-8QDPD46.main(1)"},{"name":"feature","value":"add a product to the cart"},{"name":"story","value":""},{"name":"suite","value":"add a product to the cart"},{"name":"testClass","value":""},{"name":"framework","value":"cucumber4jvm"},{"name":"language","value":"java"},{"name":"gherkin_uri","value":"file:///C:/Users/Admin/Documents/Selenium_test/selenium/selenium_test/src/test/resources/features/addProductByNameToCart.feature"},{"name":"package","value":"src.test.resources.features.addProductByNameToCart_feature.add a product to the cart"}],"links":[],"name":"","status":"failed","statusDetails":{"known":false,"muted":false,"flaky":false,"message":"expected [true] but found [false]","trace":"java.lang.AssertionError: expected [true] but found [false]\r\n\tat org.testng.Assert.fail(Assert.java:110)\r\n\tat org.testng.Assert.failNotEquals(Assert.java:1413)\r\n\tat org.testng.Assert.assertTrue(Assert.java:56)\r\n\tat org.testng.Assert.assertTrue(Assert.java:66)\r\n\tat steps.addProductByName.theCartIsUpdate(addProductByName.java:38)\r\n\tat ✽.then the \"Ampoule\" is add to cart(file:///C:/Users/Admin/Documents/Selenium_test/selenium/selenium_test/src/test/resources/features/addProductByNameToCart.feature:13)\r\n"},"stage":"finished","steps":[{"name":"Given  User is on the login page","status":"passed","statusDetails":{"known":false,"muted":false,"flaky":false},"stage":"finished","steps":[],"attachments":[],"parameters":[],"start":1653693545874,"stop":1653693546640},{"name":"When  User enters his credentials \"sehajpreet2.nicholi@orperfect.com\" \"hqqps2J$\"","status":"passed","statusDetails":{"known":false,"muted":false,"flaky":false},"stage":"finished","steps":[],"attachments":[],"parameters":[],"start":1653693546641,"stop":1653693547864},{"name":"Then  Homepage is opened","status":"passed","statusDetails":{"known":false,"muted":false,"flaky":false},"stage":"finished","steps":[],"attachments":[],"parameters":[],"start":1653693547864,"stop":1653693549018},{"name":"Given  user at the Home","status":"passed","statusDetails":{"known":false,"muted":false,"flaky":false},"stage":"finished","steps":[],"attachments":[],"parameters":[],"start":1653693549019,"stop":1653693549046},{"name":"When  select a product","status":"passed","statusDetails":{"known":false,"muted":false,"flaky":false},"stage":"finished","steps":[],"attachments":[],"parameters":[],"start":1653693549047,"stop":1653693559409},{"name":"And  add \"Ampoule\" to cart","status":"passed","statusDetails":{"known":false,"muted":false,"flaky":false},"stage":"finished","steps":[],"attachments":[],"parameters":[],"start":1653693559409,"stop":1653693580060},{"name":"Then  then the \"Ampoule\" is add to cart","status":"failed","statusDetails":{"known":false,"muted":false,"flaky":false,"message":"expected [true] but found [false]","trace":"java.lang.AssertionError: expected [true] but found [false]\r\n\tat org.testng.Assert.fail(Assert.java:110)\r\n\tat org.testng.Assert.failNotEquals(Assert.java:1413)\r\n\tat org.testng.Assert.assertTrue(Assert.java:56)\r\n\tat org.testng.Assert.assertTrue(Assert.java:66)\r\n\tat steps.addProductByName.theCartIsUpdate(addProductByName.java:38)\r\n\tat ✽.then the \"Ampoule\" is add to cart(file:///C:/Users/Admin/Documents/Selenium_test/selenium/selenium_test/src/test/resources/features/addProductByNameToCart.feature:13)\r\n"},"stage":"finished","steps":[],"attachments":[],"parameters":[],"start":1653693580060,"stop":1653693610671}],"attachments":[],"parameters":[{"name":"product","value":"Ampoule"}],"start":1653693545873,"stop":1653693610672}