{"uuid":"17ccb739-9193-4974-adc4-c5244f7417f1","historyId":"47e18c6cc486143118b9baf937c3e616","fullName":": ","labels":[{"name":"host","value":"DESKTOP-8QDPD46"},{"name":"thread","value":"5828@DESKTOP-8QDPD46.main(1)"},{"name":"feature","value":""},{"name":"story","value":""},{"name":"suite","value":""},{"name":"testClass","value":""},{"name":"framework","value":"cucumber4jvm"},{"name":"language","value":"java"},{"name":"gherkin_uri","value":"file:///C:/Users/Admin/Documents/Selenium_test/selenium/selenium_test/src/test/resources/features/signUp.feature"},{"name":"package","value":"src.test.resources.features.signUp_feature"}],"links":[],"name":"","status":"failed","statusDetails":{"known":false,"muted":false,"flaky":false,"message":"the green user logos is not available expected [true] but found [false]","trace":"java.lang.AssertionError: the green user logos is not available expected [true] but found [false]\r\n\tat org.testng.Assert.fail(Assert.java:110)\r\n\tat org.testng.Assert.failNotEquals(Assert.java:1413)\r\n\tat org.testng.Assert.assertTrue(Assert.java:56)\r\n\tat steps.SignUpSteps.theHomepageIsDisplayed(SignUpSteps.java:42)\r\n\tat ✽.The homepage is displayed(file:///C:/Users/Admin/Documents/Selenium_test/selenium/selenium_test/src/test/resources/features/signUp.feature:6)\r\n"},"stage":"finished","steps":[{"name":"Given  I am on the registration page","status":"passed","statusDetails":{"known":false,"muted":false,"flaky":false},"stage":"finished","steps":[],"attachments":[],"parameters":[],"start":1653378571343,"stop":1653378571627},{"name":"When  I fill in email field with \"sehajpreet2.nicholi3@orperfect.com\" \"hqqps2J$\" \"hqqps2J$\"","status":"passed","statusDetails":{"known":false,"muted":false,"flaky":false},"stage":"finished","steps":[],"attachments":[],"parameters":[],"start":1653378571628,"stop":1653378572954},{"name":"And  I click on the button Inscription","status":"passed","statusDetails":{"known":false,"muted":false,"flaky":false},"stage":"finished","steps":[],"attachments":[],"parameters":[],"start":1653378572954,"stop":1653378573053},{"name":"Then  The homepage is displayed","status":"failed","statusDetails":{"known":false,"muted":false,"flaky":false,"message":"the green user logos is not available expected [true] but found [false]","trace":"java.lang.AssertionError: the green user logos is not available expected [true] but found [false]\r\n\tat org.testng.Assert.fail(Assert.java:110)\r\n\tat org.testng.Assert.failNotEquals(Assert.java:1413)\r\n\tat org.testng.Assert.assertTrue(Assert.java:56)\r\n\tat steps.SignUpSteps.theHomepageIsDisplayed(SignUpSteps.java:42)\r\n\tat ✽.The homepage is displayed(file:///C:/Users/Admin/Documents/Selenium_test/selenium/selenium_test/src/test/resources/features/signUp.feature:6)\r\n"},"stage":"finished","steps":[],"attachments":[],"parameters":[],"start":1653378573053,"stop":1653378583357}],"attachments":[],"parameters":[{"name":"email","value":"sehajpreet2.nicholi3@orperfect.com"},{"name":"password","value":"hqqps2J$"},{"name":"confPass","value":"hqqps2J$"}],"start":1653378571343,"stop":1653378583359}