{"uuid":"17d507c1-6f43-456b-b5bb-529e8bc0a983","historyId":"e22cf253b9792078e19a2ebe9d5b16c5","fullName":"add a product to the cart: ","labels":[{"name":"tag","value":"addProductByName"},{"name":"host","value":"DESKTOP-8QDPD46"},{"name":"thread","value":"19440@DESKTOP-8QDPD46.main(1)"},{"name":"feature","value":"add a product to the cart"},{"name":"story","value":""},{"name":"suite","value":"add a product to the cart"},{"name":"testClass","value":""},{"name":"framework","value":"cucumber4jvm"},{"name":"language","value":"java"},{"name":"gherkin_uri","value":"file:///C:/Users/Admin/Documents/Selenium_test/selenium/selenium_test/src/test/resources/features/addProductByNameToCart.feature"},{"name":"package","value":"src.test.resources.features.addProductByNameToCart_feature.add a product to the cart"}],"links":[],"name":"","status":"failed","statusDetails":{"known":false,"muted":false,"flaky":false,"message":"expected [true] but found [false]","trace":"java.lang.AssertionError: expected [true] but found [false]\r\n\tat org.testng.Assert.fail(Assert.java:110)\r\n\tat org.testng.Assert.failNotEquals(Assert.java:1413)\r\n\tat org.testng.Assert.assertTrue(Assert.java:56)\r\n\tat org.testng.Assert.assertTrue(Assert.java:66)\r\n\tat steps.AddProductToCartSteps.theCartIsUpdate(AddProductToCartSteps.java:34)\r\n\tat ✽.the cart is update(file:///C:/Users/Admin/Documents/Selenium_test/selenium/selenium_test/src/test/resources/features/addProductByNameToCart.feature:13)\r\n"},"stage":"finished","steps":[{"name":"Given  User is on the login page","status":"passed","statusDetails":{"known":false,"muted":false,"flaky":false},"stage":"finished","steps":[],"attachments":[],"parameters":[],"start":1653677249997,"stop":1653677250904},{"name":"When  User enters his credentials \"sehajpreet2.nicholi@orperfect.com\" \"hqqps2J$\"","status":"passed","statusDetails":{"known":false,"muted":false,"flaky":false},"stage":"finished","steps":[],"attachments":[],"parameters":[],"start":1653677250904,"stop":1653677252245},{"name":"Then  Homepage is opened","status":"passed","statusDetails":{"known":false,"muted":false,"flaky":false},"stage":"finished","steps":[],"attachments":[],"parameters":[],"start":1653677252245,"stop":1653677253389},{"name":"Given  user at the Home","status":"passed","statusDetails":{"known":false,"muted":false,"flaky":false},"stage":"finished","steps":[],"attachments":[],"parameters":[],"start":1653677253389,"stop":1653677253409},{"name":"When  select a product","status":"passed","statusDetails":{"known":false,"muted":false,"flaky":false},"stage":"finished","steps":[],"attachments":[],"parameters":[],"start":1653677253409,"stop":1653677263739},{"name":"And  add \"Ampoule\" to cart","status":"passed","statusDetails":{"known":false,"muted":false,"flaky":false},"stage":"finished","steps":[],"attachments":[],"parameters":[],"start":1653677263744,"stop":1653677314662},{"name":"Then  the cart is update","status":"failed","statusDetails":{"known":false,"muted":false,"flaky":false,"message":"expected [true] but found [false]","trace":"java.lang.AssertionError: expected [true] but found [false]\r\n\tat org.testng.Assert.fail(Assert.java:110)\r\n\tat org.testng.Assert.failNotEquals(Assert.java:1413)\r\n\tat org.testng.Assert.assertTrue(Assert.java:56)\r\n\tat org.testng.Assert.assertTrue(Assert.java:66)\r\n\tat steps.AddProductToCartSteps.theCartIsUpdate(AddProductToCartSteps.java:34)\r\n\tat ✽.the cart is update(file:///C:/Users/Admin/Documents/Selenium_test/selenium/selenium_test/src/test/resources/features/addProductByNameToCart.feature:13)\r\n"},"stage":"finished","steps":[],"attachments":[],"parameters":[],"start":1653677314662,"stop":1653677325746}],"attachments":[],"parameters":[{"name":"product","value":"Ampoule"}],"start":1653677249997,"stop":1653677325746}