{"uuid":"838fc6d9-c32d-4b92-870d-65f1faafc0a1","historyId":"fd279b62482ec8b22ebf86eed6eba998","fullName":"add a product to the cart: ","labels":[{"name":"tag","value":"addProductByName"},{"name":"host","value":"DESKTOP-8QDPD46"},{"name":"thread","value":"2844@DESKTOP-8QDPD46.main(1)"},{"name":"feature","value":"add a product to the cart"},{"name":"story","value":""},{"name":"suite","value":"add a product to the cart"},{"name":"testClass","value":""},{"name":"framework","value":"cucumber4jvm"},{"name":"language","value":"java"},{"name":"gherkin_uri","value":"file:///C:/Users/Admin/Documents/Selenium_test/selenium/selenium_test/src/test/resources/features/addProductByNameToCart.feature"},{"name":"package","value":"src.test.resources.features.addProductByNameToCart_feature.add a product to the cart"}],"links":[],"name":"","status":"failed","statusDetails":{"known":false,"muted":false,"flaky":false,"message":"expected [true] but found [false]","trace":"java.lang.AssertionError: expected [true] but found [false]\r\n\tat org.testng.Assert.fail(Assert.java:110)\r\n\tat org.testng.Assert.failNotEquals(Assert.java:1413)\r\n\tat org.testng.Assert.assertTrue(Assert.java:56)\r\n\tat org.testng.Assert.assertTrue(Assert.java:66)\r\n\tat steps.addProductByName.theCartIsUpdate(addProductByName.java:38)\r\n\tat ✽.then the \"Chaise\" is add to cart(file:///C:/Users/Admin/Documents/Selenium_test/selenium/selenium_test/src/test/resources/features/addProductByNameToCart.feature:13)\r\n"},"stage":"finished","steps":[{"name":"Given  User is on the login page","status":"passed","statusDetails":{"known":false,"muted":false,"flaky":false},"stage":"finished","steps":[],"attachments":[],"parameters":[],"start":1653692393631,"stop":1653692398467},{"name":"When  User enters his credentials \"sehajpreet2.nicholi@orperfect.com\" \"hqqps2J$\"","status":"passed","statusDetails":{"known":false,"muted":false,"flaky":false},"stage":"finished","steps":[],"attachments":[],"parameters":[],"start":1653692398467,"stop":1653692399878},{"name":"Then  Homepage is opened","status":"passed","statusDetails":{"known":false,"muted":false,"flaky":false},"stage":"finished","steps":[],"attachments":[],"parameters":[],"start":1653692399878,"stop":1653692402024},{"name":"Given  user at the Home","status":"passed","statusDetails":{"known":false,"muted":false,"flaky":false},"stage":"finished","steps":[],"attachments":[],"parameters":[],"start":1653692402025,"stop":1653692402047},{"name":"When  select a product","status":"passed","statusDetails":{"known":false,"muted":false,"flaky":false},"stage":"finished","steps":[],"attachments":[],"parameters":[],"start":1653692402047,"stop":1653692412461},{"name":"And  add \"Chaise\" to cart","status":"passed","statusDetails":{"known":false,"muted":false,"flaky":false},"stage":"finished","steps":[],"attachments":[],"parameters":[],"start":1653692412462,"stop":1653692444685},{"name":"Then  then the \"Chaise\" is add to cart","status":"failed","statusDetails":{"known":false,"muted":false,"flaky":false,"message":"expected [true] but found [false]","trace":"java.lang.AssertionError: expected [true] but found [false]\r\n\tat org.testng.Assert.fail(Assert.java:110)\r\n\tat org.testng.Assert.failNotEquals(Assert.java:1413)\r\n\tat org.testng.Assert.assertTrue(Assert.java:56)\r\n\tat org.testng.Assert.assertTrue(Assert.java:66)\r\n\tat steps.addProductByName.theCartIsUpdate(addProductByName.java:38)\r\n\tat ✽.then the \"Chaise\" is add to cart(file:///C:/Users/Admin/Documents/Selenium_test/selenium/selenium_test/src/test/resources/features/addProductByNameToCart.feature:13)\r\n"},"stage":"finished","steps":[],"attachments":[],"parameters":[],"start":1653692444686,"stop":1653692454989}],"attachments":[],"parameters":[{"name":"product","value":"Chaise"}],"start":1653692393627,"stop":1653692454993}