{"uuid":"eb7bb8bf-ca11-40c0-b59d-67cc69d11fca","historyId":"fd279b62482ec8b22ebf86eed6eba998","fullName":"add a product to the cart: ","labels":[{"name":"tag","value":"addProductByName"},{"name":"host","value":"DESKTOP-8QDPD46"},{"name":"thread","value":"18400@DESKTOP-8QDPD46.main(1)"},{"name":"feature","value":"add a product to the cart"},{"name":"story","value":""},{"name":"suite","value":"add a product to the cart"},{"name":"testClass","value":""},{"name":"framework","value":"cucumber4jvm"},{"name":"language","value":"java"},{"name":"gherkin_uri","value":"file:///C:/Users/Admin/Documents/Selenium_test/selenium/selenium_test/src/test/resources/features/addProductByNameToCart.feature"},{"name":"package","value":"src.test.resources.features.addProductByNameToCart_feature.add a product to the cart"}],"links":[],"name":"","status":"failed","statusDetails":{"known":false,"muted":false,"flaky":false,"message":"expected [true] but found [false]","trace":"java.lang.AssertionError: expected [true] but found [false]\r\n\tat org.testng.Assert.fail(Assert.java:110)\r\n\tat org.testng.Assert.failNotEquals(Assert.java:1413)\r\n\tat org.testng.Assert.assertTrue(Assert.java:56)\r\n\tat org.testng.Assert.assertTrue(Assert.java:66)\r\n\tat steps.addProductByName.theCartIsUpdate(addProductByName.java:38)\r\n\tat ✽.then the \"Chaise\" is add to cart(file:///C:/Users/Admin/Documents/Selenium_test/selenium/selenium_test/src/test/resources/features/addProductByNameToCart.feature:13)\r\n"},"stage":"finished","steps":[{"name":"Given  User is on the login page","status":"passed","statusDetails":{"known":false,"muted":false,"flaky":false},"stage":"finished","steps":[],"attachments":[],"parameters":[],"start":1653693352154,"stop":1653693358549},{"name":"When  User enters his credentials \"sehajpreet2.nicholi@orperfect.com\" \"hqqps2J$\"","status":"passed","statusDetails":{"known":false,"muted":false,"flaky":false},"stage":"finished","steps":[],"attachments":[],"parameters":[],"start":1653693358565,"stop":1653693359926},{"name":"Then  Homepage is opened","status":"passed","statusDetails":{"known":false,"muted":false,"flaky":false},"stage":"finished","steps":[],"attachments":[],"parameters":[],"start":1653693359927,"stop":1653693362533},{"name":"Given  user at the Home","status":"passed","statusDetails":{"known":false,"muted":false,"flaky":false},"stage":"finished","steps":[],"attachments":[],"parameters":[],"start":1653693362533,"stop":1653693362557},{"name":"When  select a product","status":"passed","statusDetails":{"known":false,"muted":false,"flaky":false},"stage":"finished","steps":[],"attachments":[],"parameters":[],"start":1653693362557,"stop":1653693372952},{"name":"And  add \"Chaise\" to cart","status":"passed","statusDetails":{"known":false,"muted":false,"flaky":false},"stage":"finished","steps":[],"attachments":[],"parameters":[],"start":1653693372952,"stop":1653693394801},{"name":"Then  then the \"Chaise\" is add to cart","status":"failed","statusDetails":{"known":false,"muted":false,"flaky":false,"message":"expected [true] but found [false]","trace":"java.lang.AssertionError: expected [true] but found [false]\r\n\tat org.testng.Assert.fail(Assert.java:110)\r\n\tat org.testng.Assert.failNotEquals(Assert.java:1413)\r\n\tat org.testng.Assert.assertTrue(Assert.java:56)\r\n\tat org.testng.Assert.assertTrue(Assert.java:66)\r\n\tat steps.addProductByName.theCartIsUpdate(addProductByName.java:38)\r\n\tat ✽.then the \"Chaise\" is add to cart(file:///C:/Users/Admin/Documents/Selenium_test/selenium/selenium_test/src/test/resources/features/addProductByNameToCart.feature:13)\r\n"},"stage":"finished","steps":[],"attachments":[],"parameters":[],"start":1653693394809,"stop":1653693405140}],"attachments":[],"parameters":[{"name":"product","value":"Chaise"}],"start":1653693352151,"stop":1653693405148}