{"uuid":"0cc2873b-3558-4e78-b141-788d103891d3","historyId":"80193686e419b2547aad5d17ee3e0651","fullName":"Login feature: Login successfully","labels":[{"name":"host","value":"DESKTOP-Q9KR144"},{"name":"thread","value":"5924@DESKTOP-Q9KR144.main(1)"},{"name":"feature","value":"Login feature"},{"name":"story","value":"Login successfully"},{"name":"suite","value":"Login feature"},{"name":"testClass","value":"Login successfully"},{"name":"framework","value":"cucumber4jvm"},{"name":"language","value":"java"},{"name":"gherkin_uri","value":"file:///C:/Users/De%20Harteloos/Documents/PAWK/UI_Automation/selenium-test-framework/src/test/resources/features/login.feature"},{"name":"package","value":"src.test.resources.features.login_feature.Login feature"}],"links":[],"name":"Login successfully","status":"failed","statusDetails":{"known":false,"muted":false,"flaky":false,"message":"This is not the home page expected [true] but found [false]","trace":"java.lang.AssertionError: This is not the home page expected [true] but found [false]\r\n\tat org.testng.Assert.fail(Assert.java:110)\r\n\tat org.testng.Assert.failNotEquals(Assert.java:1413)\r\n\tat org.testng.Assert.assertTrue(Assert.java:56)\r\n\tat steps.HomeSteps.homePageIsOpened(HomeSteps.java:17)\r\n\tat ✽.Homepage is opened(file:///C:/Users/De%20Harteloos/Documents/PAWK/UI_Automation/selenium-test-framework/src/test/resources/features/login.feature:6)\r\n"},"stage":"finished","steps":[{"name":"Given  User is on the login page","status":"passed","statusDetails":{"known":false,"muted":false,"flaky":false},"stage":"finished","steps":[],"attachments":[],"parameters":[],"start":1652768930040,"stop":1652768936103},{"name":"When  User enters his credentials \"ndorichnel@gmail.com\" \"Nd0r|chnel\"","status":"passed","statusDetails":{"known":false,"muted":false,"flaky":false},"stage":"finished","steps":[],"attachments":[],"parameters":[],"start":1652768936121,"stop":1652768938359},{"name":"Then  Homepage is opened","status":"failed","statusDetails":{"known":false,"muted":false,"flaky":false,"message":"This is not the home page expected [true] but found [false]","trace":"java.lang.AssertionError: This is not the home page expected [true] but found [false]\r\n\tat org.testng.Assert.fail(Assert.java:110)\r\n\tat org.testng.Assert.failNotEquals(Assert.java:1413)\r\n\tat org.testng.Assert.assertTrue(Assert.java:56)\r\n\tat steps.HomeSteps.homePageIsOpened(HomeSteps.java:17)\r\n\tat ✽.Homepage is opened(file:///C:/Users/De%20Harteloos/Documents/PAWK/UI_Automation/selenium-test-framework/src/test/resources/features/login.feature:6)\r\n"},"stage":"finished","steps":[],"attachments":[],"parameters":[],"start":1652768938360,"stop":1652768948582}],"attachments":[],"parameters":[{"name":"email","value":"ndorichnel@gmail.com"},{"name":"password","value":"Nd0r|chnel"}],"start":1652768930032,"stop":1652768948589}