{"uuid":"422b7076-fe65-4417-90a7-48eb4a116925","historyId":"d5beba2ccb1fe26aa6b1cee9a1038505","fullName":": ","labels":[{"name":"tag","value":"addProduct"},{"name":"host","value":"DESKTOP-8QDPD46"},{"name":"thread","value":"3416@DESKTOP-8QDPD46.main(1)"},{"name":"feature","value":""},{"name":"story","value":""},{"name":"suite","value":""},{"name":"testClass","value":""},{"name":"framework","value":"cucumber4jvm"},{"name":"language","value":"java"},{"name":"gherkin_uri","value":"file:///C:/Users/Admin/Documents/Selenium_test/selenium-test-framework2/selenium-test-framework/src/test/resources/features/AddProductToCart.feature"},{"name":"package","value":"src.test.resources.features.AddProductToCart_feature"}],"links":[],"name":"","status":"failed","statusDetails":{"known":false,"muted":false,"flaky":false,"message":"expected [true] but found [false]","trace":"java.lang.AssertionError: expected [true] but found [false]\r\n\tat org.testng.Assert.fail(Assert.java:110)\r\n\tat org.testng.Assert.failNotEquals(Assert.java:1413)\r\n\tat org.testng.Assert.assertTrue(Assert.java:56)\r\n\tat org.testng.Assert.assertTrue(Assert.java:66)\r\n\tat steps.AddProductToCartSteps.theCartIsUpdate(AddProductToCartSteps.java:35)\r\n\tat ✽.the cart is update(file:///C:/Users/Admin/Documents/Selenium_test/selenium-test-framework2/selenium-test-framework/src/test/resources/features/AddProductToCart.feature:13)\r\n"},"stage":"finished","steps":[{"name":"Given  User is on the login page","status":"passed","statusDetails":{"known":false,"muted":false,"flaky":false},"stage":"finished","steps":[],"attachments":[],"parameters":[],"start":1652888997766,"stop":1652889006527},{"name":"When  User enters his credentials \"sehajpreet2.nicholi@orperfect.com\" \"hqqps2J$\"","status":"passed","statusDetails":{"known":false,"muted":false,"flaky":false},"stage":"finished","steps":[],"attachments":[],"parameters":[],"start":1652889006544,"stop":1652889007891},{"name":"Then  Homepage is opened","status":"passed","statusDetails":{"known":false,"muted":false,"flaky":false},"stage":"finished","steps":[],"attachments":[],"parameters":[],"start":1652889007892,"stop":1652889010490},{"name":"Given  user at the HomePage","status":"passed","statusDetails":{"known":false,"muted":false,"flaky":false},"stage":"finished","steps":[],"attachments":[],"parameters":[],"start":1652889010491,"stop":1652889010514},{"name":"When  select a product to cart","status":"passed","statusDetails":{"known":false,"muted":false,"flaky":false},"stage":"finished","steps":[],"attachments":[],"parameters":[],"start":1652889010514,"stop":1652889011169},{"name":"And  add to cart","status":"passed","statusDetails":{"known":false,"muted":false,"flaky":false},"stage":"finished","steps":[],"attachments":[],"parameters":[],"start":1652889011170,"stop":1652889011318},{"name":"Then  the cart is update","status":"failed","statusDetails":{"known":false,"muted":false,"flaky":false,"message":"expected [true] but found [false]","trace":"java.lang.AssertionError: expected [true] but found [false]\r\n\tat org.testng.Assert.fail(Assert.java:110)\r\n\tat org.testng.Assert.failNotEquals(Assert.java:1413)\r\n\tat org.testng.Assert.assertTrue(Assert.java:56)\r\n\tat org.testng.Assert.assertTrue(Assert.java:66)\r\n\tat steps.AddProductToCartSteps.theCartIsUpdate(AddProductToCartSteps.java:35)\r\n\tat ✽.the cart is update(file:///C:/Users/Admin/Documents/Selenium_test/selenium-test-framework2/selenium-test-framework/src/test/resources/features/AddProductToCart.feature:13)\r\n"},"stage":"finished","steps":[],"attachments":[],"parameters":[],"start":1652889011319,"stop":1652889012061}],"attachments":[],"parameters":[],"start":1652888997766,"stop":1652889012064}