{"uuid":"64676a82-55f5-4ba5-ab21-2a480373e596","historyId":"7b239d5192fa589119b206fa256e961b","fullName":": ","labels":[{"name":"tag","value":"search"},{"name":"host","value":"DESKTOP-8QDPD46"},{"name":"thread","value":"21848@DESKTOP-8QDPD46.main(1)"},{"name":"feature","value":""},{"name":"story","value":""},{"name":"suite","value":""},{"name":"testClass","value":""},{"name":"framework","value":"cucumber4jvm"},{"name":"language","value":"java"},{"name":"gherkin_uri","value":"file:///C:/Users/Admin/Documents/Selenium_test/selenium-test-framework2/selenium-test-framework/src/test/resources/features/Search.feature"},{"name":"package","value":"src.test.resources.features.Search_feature"}],"links":[],"name":"","status":"failed","statusDetails":{"known":false,"muted":false,"flaky":false,"message":"","trace":"java.lang.AssertionError: \r\n\tat org.testng.AssertJUnit.fail(AssertJUnit.java:65)\r\n\tat org.testng.AssertJUnit.assertTrue(AssertJUnit.java:23)\r\n\tat org.testng.AssertJUnit.assertFalse(AssertJUnit.java:44)\r\n\tat org.testng.AssertJUnit.assertFalse(AssertJUnit.java:53)\r\n\tat steps.SearchProductSteps.userShouldSeeAPageDisplayWithChoosenProductResults(SearchProductSteps.java:30)\r\n\tat ✽.User should see a page display with choosen product results(file:///C:/Users/Admin/Documents/Selenium_test/selenium-test-framework2/selenium-test-framework/src/test/resources/features/Search.feature:11)\r\n"},"stage":"finished","steps":[{"name":"Given  User is on the login page","status":"passed","statusDetails":{"known":false,"muted":false,"flaky":false},"stage":"finished","steps":[],"attachments":[],"parameters":[],"start":1652875828113,"stop":1652875831320},{"name":"When  User enters his credentials \"sehajpreet2.nicholi3@orperfect.com\" \"hqqps2J$\"","status":"passed","statusDetails":{"known":false,"muted":false,"flaky":false},"stage":"finished","steps":[],"attachments":[],"parameters":[],"start":1652875831326,"stop":1652875832665},{"name":"Then  Homepage is opened","status":"passed","statusDetails":{"known":false,"muted":false,"flaky":false},"stage":"finished","steps":[],"attachments":[],"parameters":[],"start":1652875832665,"stop":1652875834741},{"name":"Given  User is on HomePage","status":"passed","statusDetails":{"known":false,"muted":false,"flaky":false},"stage":"finished","steps":[],"attachments":[],"parameters":[],"start":1652875834746,"stop":1652875835529},{"name":"When  User enter a \"Parfum\" in search bar","status":"passed","statusDetails":{"known":false,"muted":false,"flaky":false},"stage":"finished","steps":[],"attachments":[],"parameters":[],"start":1652875835530,"stop":1652875835814},{"name":"Then  User should see a page display with choosen product results","status":"failed","statusDetails":{"known":false,"muted":false,"flaky":false,"message":"","trace":"java.lang.AssertionError: \r\n\tat org.testng.AssertJUnit.fail(AssertJUnit.java:65)\r\n\tat org.testng.AssertJUnit.assertTrue(AssertJUnit.java:23)\r\n\tat org.testng.AssertJUnit.assertFalse(AssertJUnit.java:44)\r\n\tat org.testng.AssertJUnit.assertFalse(AssertJUnit.java:53)\r\n\tat steps.SearchProductSteps.userShouldSeeAPageDisplayWithChoosenProductResults(SearchProductSteps.java:30)\r\n\tat ✽.User should see a page display with choosen product results(file:///C:/Users/Admin/Documents/Selenium_test/selenium-test-framework2/selenium-test-framework/src/test/resources/features/Search.feature:11)\r\n"},"stage":"finished","steps":[],"attachments":[],"parameters":[],"start":1652875835815,"stop":1652875835864}],"attachments":[],"parameters":[{"name":"product","value":"Parfum"}],"start":1652875828097,"stop":1652875835867}