{"uuid":"eb080af7-2268-44f2-ab1a-150d4ccc240d","historyId":"d5beba2ccb1fe26aa6b1cee9a1038505","fullName":": ","labels":[{"name":"tag","value":"addProduct"},{"name":"host","value":"DESKTOP-8QDPD46"},{"name":"thread","value":"22060@DESKTOP-8QDPD46.main(1)"},{"name":"feature","value":""},{"name":"story","value":""},{"name":"suite","value":""},{"name":"testClass","value":""},{"name":"framework","value":"cucumber4jvm"},{"name":"language","value":"java"},{"name":"gherkin_uri","value":"file:///C:/Users/Admin/Documents/Selenium_test/selenium-test-framework2/selenium-test-framework/src/test/resources/features/AddProductToCart.feature"},{"name":"package","value":"src.test.resources.features.AddProductToCart_feature"}],"links":[],"name":"","status":"failed","statusDetails":{"known":false,"muted":false,"flaky":false,"message":"This is not the home page expected [true] but found [false]","trace":"java.lang.AssertionError: This is not the home page expected [true] but found [false]\r\n\tat org.testng.Assert.fail(Assert.java:110)\r\n\tat org.testng.Assert.failNotEquals(Assert.java:1413)\r\n\tat org.testng.Assert.assertTrue(Assert.java:56)\r\n\tat steps.HomeSteps.homePageIsOpened(HomeSteps.java:17)\r\n\tat ✽.Homepage is opened(file:///C:/Users/Admin/Documents/Selenium_test/selenium-test-framework2/selenium-test-framework/src/test/resources/features/AddProductToCart.feature:7)\r\n"},"stage":"finished","steps":[{"name":"Given  User is on the login page","status":"passed","statusDetails":{"known":false,"muted":false,"flaky":false},"stage":"finished","steps":[],"attachments":[],"parameters":[],"start":1652887450470,"stop":1652887453894},{"name":"When  User enters his credentials \"sehajpreet2.nicholi3@orperfect.com\" \"hqqps2J$\"","status":"passed","statusDetails":{"known":false,"muted":false,"flaky":false},"stage":"finished","steps":[],"attachments":[],"parameters":[],"start":1652887453910,"stop":1652887455275},{"name":"Then  Homepage is opened","status":"failed","statusDetails":{"known":false,"muted":false,"flaky":false,"message":"This is not the home page expected [true] but found [false]","trace":"java.lang.AssertionError: This is not the home page expected [true] but found [false]\r\n\tat org.testng.Assert.fail(Assert.java:110)\r\n\tat org.testng.Assert.failNotEquals(Assert.java:1413)\r\n\tat org.testng.Assert.assertTrue(Assert.java:56)\r\n\tat steps.HomeSteps.homePageIsOpened(HomeSteps.java:17)\r\n\tat ✽.Homepage is opened(file:///C:/Users/Admin/Documents/Selenium_test/selenium-test-framework2/selenium-test-framework/src/test/resources/features/AddProductToCart.feature:7)\r\n"},"stage":"finished","steps":[],"attachments":[],"parameters":[],"start":1652887455276,"stop":1652887465845},{"name":"Given  user at the HomePage","status":"skipped","statusDetails":{"known":false,"muted":false,"flaky":false},"stage":"finished","steps":[],"attachments":[],"parameters":[],"start":1652887465847,"stop":1652887465848},{"name":"When  select a product to cart","status":"skipped","statusDetails":{"known":false,"muted":false,"flaky":false},"stage":"finished","steps":[],"attachments":[],"parameters":[],"start":1652887465849,"stop":1652887465850},{"name":"And  add to cart","status":"skipped","statusDetails":{"known":false,"muted":false,"flaky":false},"stage":"finished","steps":[],"attachments":[],"parameters":[],"start":1652887465851,"stop":1652887465852},{"name":"Then  the cart is update","status":"skipped","statusDetails":{"known":false,"muted":false,"flaky":false},"stage":"finished","steps":[],"attachments":[],"parameters":[],"start":1652887465852,"stop":1652887465854}],"attachments":[],"parameters":[],"start":1652887450467,"stop":1652887465862}